Reading netlist file: "D:\Nano4KProjects\nano4k_hyperram\impl\gwsynthesis\nano4k_hyperram.vg"
Parsing netlist file "D:\Nano4KProjects\nano4k_hyperram\impl\gwsynthesis\nano4k_hyperram.vg" completed
Processing netlist completed
Reading constraint file: "D:\Nano4KProjects\nano4k_hyperram\src\nano4k_hyperram.cst"
Physical Constraint parsed completed
Running placement......
[10%] Placement Phase 0 completed
[20%] Placement Phase 1 completed
[30%] Placement Phase 2 completed
[50%] Placement Phase 3 completed
Running routing......
[60%] Routing Phase 0 completed
[70%] Routing Phase 1 completed
[80%] Routing Phase 2 completed
WARN  (PR1014) : Generic routing resource will be used to clock signal 'crystalClock_d' by the specified constraint. And then it may lead to the excessive delay or skew
[90%] Routing Phase 3 completed
Running timing analysis......
[95%] Timing analysis completed
Placement and routing completed
Bitstream generation in progress......
Bitstream generation completed
Running power analysis......
[100%] Power analysis completed
Generate file "D:\Nano4KProjects\nano4k_hyperram\impl\pnr\nano4k_hyperram.power.html" completed
Generate file "D:\Nano4KProjects\nano4k_hyperram\impl\pnr\nano4k_hyperram.pin.html" completed
Generate file "D:\Nano4KProjects\nano4k_hyperram\impl\pnr\nano4k_hyperram.rpt.html" completed
Generate file "D:\Nano4KProjects\nano4k_hyperram\impl\pnr\nano4k_hyperram.rpt.txt" completed
Generate file "D:\Nano4KProjects\nano4k_hyperram\impl\pnr\nano4k_hyperram.vo" completed
Generate file "D:\Nano4KProjects\nano4k_hyperram\impl\pnr\nano4k_hyperram.tr.html" completed
Tue Aug 23 21:55:32 2022

